[debug] [2025-05-13T08:04:40.895Z] ----------------------------------------------------------------------
[debug] [2025-05-13T08:04:40.898Z] Command:       C:\nvm4w\nodejs\node.exe C:\nvm4w\nodejs\node_modules\firebase-tools\lib\bin\firebase.js emulators:start --only functions
[debug] [2025-05-13T08:04:40.898Z] CLI Version:   14.3.1
[debug] [2025-05-13T08:04:40.898Z] Platform:      win32
[debug] [2025-05-13T08:04:40.898Z] Node Version:  v20.14.0
[debug] [2025-05-13T08:04:40.898Z] Time:          Tue May 13 2025 18:04:40 GMT+1000 (Australian Eastern Standard Time)
[debug] [2025-05-13T08:04:40.898Z] ----------------------------------------------------------------------
[debug] 
[debug] [2025-05-13T08:04:41.071Z] > command requires scopes: ["email","openid","https://www.googleapis.com/auth/cloudplatformprojects.readonly","https://www.googleapis.com/auth/firebase","https://www.googleapis.com/auth/cloud-platform"]
[debug] [2025-05-13T08:04:41.071Z] > authorizing via signed-in user (dongguanliangs@gmail.com)
[info] i  emulators: Starting emulators: functions {"metadata":{"emulator":{"name":"hub"},"message":"Starting emulators: functions"}}
[debug] [2025-05-13T08:04:41.083Z] [logging] Logging Emulator only supports listening on one address (127.0.0.1). Not listening on ::1
[debug] [2025-05-13T08:04:41.083Z] assigned listening specs for emulators {"user":{"hub":[{"address":"127.0.0.1","family":"IPv4","port":4400},{"address":"::1","family":"IPv6","port":4400}],"ui":[{"address":"127.0.0.1","family":"IPv4","port":4000},{"address":"::1","family":"IPv6","port":4000}],"logging":[{"address":"127.0.0.1","family":"IPv4","port":4500}]},"metadata":{"message":"assigned listening specs for emulators"}}
[debug] [2025-05-13T08:04:41.086Z] [hub] writing locator at C:\Users\dglhe\AppData\Local\Temp\hub-digital-skill-wallet.json
[debug] [2025-05-13T08:04:41.109Z] [functions] Functions Emulator only supports listening on one address (127.0.0.1). Not listening on ::1
[debug] [2025-05-13T08:04:41.109Z] [eventarc] Eventarc Emulator only supports listening on one address (127.0.0.1). Not listening on ::1
[debug] [2025-05-13T08:04:41.109Z] [tasks] Cloud Tasks Emulator only supports listening on one address (127.0.0.1). Not listening on ::1
[debug] [2025-05-13T08:04:41.109Z] late-assigned ports for functions and eventarc emulators {"user":{"hub":[{"address":"127.0.0.1","family":"IPv4","port":4400},{"address":"::1","family":"IPv6","port":4400}],"ui":[{"address":"127.0.0.1","family":"IPv4","port":4000},{"address":"::1","family":"IPv6","port":4000}],"logging":[{"address":"127.0.0.1","family":"IPv4","port":4500}],"functions":[{"address":"127.0.0.1","family":"IPv4","port":5001}],"eventarc":[{"address":"127.0.0.1","family":"IPv4","port":9299}],"tasks":[{"address":"127.0.0.1","family":"IPv4","port":9499}]},"metadata":{"message":"late-assigned ports for functions and eventarc emulators"}}
[warn] !  functions: The following emulators are not running, calls to these services from the Functions emulator will affect production: apphosting, auth, firestore, database, hosting, pubsub, storage, dataconnect {"metadata":{"emulator":{"name":"functions"},"message":"The following emulators are not running, calls to these services from the Functions emulator will affect production: \u001b[1mapphosting, auth, firestore, database, hosting, pubsub, storage, dataconnect\u001b[22m"}}
[debug] [2025-05-13T08:04:41.129Z] defaultcredentials: writing to file C:\Users\dglhe\AppData\Roaming\firebase\dongguanliangs_gmail_com_application_default_credentials.json
[debug] [2025-05-13T08:04:41.130Z] Setting GAC to C:\Users\dglhe\AppData\Roaming\firebase\dongguanliangs_gmail_com_application_default_credentials.json {"metadata":{"emulator":{"name":"functions"},"message":"Setting GAC to C:\\Users\\dglhe\\AppData\\Roaming\\firebase\\dongguanliangs_gmail_com_application_default_credentials.json"}}
[debug] [2025-05-13T08:04:41.131Z] Checked if tokens are valid: false, expires at: 1747068212732
[debug] [2025-05-13T08:04:41.131Z] Checked if tokens are valid: false, expires at: 1747068212732
[debug] [2025-05-13T08:04:41.131Z] > refreshing access token with scopes: []
[debug] [2025-05-13T08:04:41.132Z] >>> [apiv2][query] POST https://www.googleapis.com/oauth2/v3/token [none]
[debug] [2025-05-13T08:04:41.132Z] >>> [apiv2][body] POST https://www.googleapis.com/oauth2/v3/token [omitted]
[debug] [2025-05-13T08:04:41.466Z] <<< [apiv2][status] POST https://www.googleapis.com/oauth2/v3/token 200
[debug] [2025-05-13T08:04:41.466Z] <<< [apiv2][body] POST https://www.googleapis.com/oauth2/v3/token [omitted]
[debug] [2025-05-13T08:04:41.472Z] >>> [apiv2][query] GET https://firebase.googleapis.com/v1beta1/projects/digital-skill-wallet/adminSdkConfig [none]
[debug] [2025-05-13T08:04:42.038Z] <<< [apiv2][status] GET https://firebase.googleapis.com/v1beta1/projects/digital-skill-wallet/adminSdkConfig 200
[debug] [2025-05-13T08:04:42.038Z] <<< [apiv2][body] GET https://firebase.googleapis.com/v1beta1/projects/digital-skill-wallet/adminSdkConfig {"projectId":"digital-skill-wallet","storageBucket":"digital-skill-wallet.firebasestorage.app"}
[info] i  functions: Watching "D:\Program X64\GitHub REPO Clone\711\functions" for Cloud Functions... {"metadata":{"emulator":{"name":"functions"},"message":"Watching \"D:\\Program X64\\GitHub REPO Clone\\711\\functions\" for Cloud Functions..."}}
[debug] [2025-05-13T08:04:42.058Z] Validating nodejs source
[debug] [2025-05-13T08:04:43.149Z] > [functions] package.json contents: {
  "name": "functions",
  "type": "module",
  "version": "1.0.0",
  "main": "index.js",
  "scripts": {
    "test": "echo \"Error: no test specified\" && exit 1"
  },
  "keywords": [],
  "author": "",
  "license": "ISC",
  "dependencies": {
    "@web3-storage/w3up-client": "^17.2.0",
    "cors": "^2.8.5",
    "dotenv": "^16.5.0",
    "express": "^5.1.0",
    "express-fileupload": "^1.5.1",
    "firebase-admin": "^13.3.0",
    "firebase-functions": "^6.3.2",
    "ipfs-http-client": "^56.0.3",
    "multer": "^1.4.5-lts.2",
    "mysql2": "^3.14.1"
  },
  "description": ""
}
[debug] [2025-05-13T08:04:43.150Z] Building nodejs source
[debug] [2025-05-13T08:04:43.150Z] Failed to find version of module node: reached end of search path D:\Program X64\GitHub REPO Clone\711\functions\node_modules
[warn] !  functions: Your requested "node" version "18" doesn't match your global version "20". Using node@20 from host. 
[info] i  functions: Loaded environment variables from .env. 
[debug] [2025-05-13T08:04:43.153Z] Could not find functions.yaml. Must use http discovery
[debug] [2025-05-13T08:04:43.160Z] Found firebase-functions binary at 'D:\Program X64\GitHub REPO Clone\711\functions\node_modules\.bin\firebase-functions'
[info] Serving at port 8151

[debug] [2025-05-13T08:04:44.976Z] Got response from /__/functions.yaml {"endpoints":{"api":{"availableMemoryMb":null,"timeoutSeconds":null,"minInstances":null,"maxInstances":null,"ingressSettings":null,"concurrency":null,"serviceAccountEmail":null,"vpc":null,"platform":"gcfv2","labels":{},"httpsTrigger":{},"entryPoint":"api"},"syncUserDoc":{"availableMemoryMb":null,"timeoutSeconds":null,"minInstances":null,"maxInstances":null,"ingressSettings":null,"concurrency":null,"serviceAccountEmail":null,"vpc":null,"platform":"gcfv2","labels":{},"callableTrigger":{},"entryPoint":"syncUserDoc"}},"specVersion":"v1alpha1","requiredAPIs":[],"extensions":{}}
[info] +  functions: Loaded functions definitions from source: api, syncUserDoc. {"metadata":{"emulator":{"name":"functions"},"message":"Loaded functions definitions from source: api, syncUserDoc."}}
[info] +  functions[us-central1-api]: http function initialized (http://127.0.0.1:5001/digital-skill-wallet/us-central1/api). {"metadata":{"emulator":{"name":"functions"},"message":"\u001b[1mhttp\u001b[22m function initialized (http://127.0.0.1:5001/digital-skill-wallet/us-central1/api)."}}
[info] +  functions[us-central1-syncUserDoc]: http function initialized (http://127.0.0.1:5001/digital-skill-wallet/us-central1/syncUserDoc). {"metadata":{"emulator":{"name":"functions"},"message":"\u001b[1mhttp\u001b[22m function initialized (http://127.0.0.1:5001/digital-skill-wallet/us-central1/syncUserDoc)."}}
[debug] [2025-05-13T08:04:50.050Z] Could not find VSCode notification endpoint: FetchError: request to http://localhost:40001/vscode/notify failed, reason: . If you are not running the Firebase Data Connect VSCode extension, this is expected and not an issue.
[info] 
┌─────────────────────────────────────────────────────────────┐
│ ✔  All emulators ready! It is now safe to connect your app. │
│ i  View Emulator UI at http://127.0.0.1:4000/               │
└─────────────────────────────────────────────────────────────┘

┌───────────┬────────────────┬─────────────────────────────────┐
│ Emulator  │ Host:Port      │ View in Emulator UI             │
├───────────┼────────────────┼─────────────────────────────────┤
│ Functions │ 127.0.0.1:5001 │ http://127.0.0.1:4000/functions │
└───────────┴────────────────┴─────────────────────────────────┘
  Emulator Hub host: 127.0.0.1 port: 4400
  Other reserved ports: 4500

Issues? Report them at https://github.com/firebase/firebase-tools/issues and attach the *-debug.log files.
 
[debug] [2025-05-13T08:17:56.636Z] [work-queue] {"queuedWork":["/digital-skill-wallet/us-central1/api/employer/schools-2025-05-13T08:17:56.636Z"],"queueLength":1,"runningWork":[],"workRunningCount":0}
[debug] [2025-05-13T08:17:56.636Z] [work-queue] {"queuedWork":[],"queueLength":0,"runningWork":["/digital-skill-wallet/us-central1/api/employer/schools-2025-05-13T08:17:56.636Z"],"workRunningCount":1}
[debug] [2025-05-13T08:17:56.637Z] Accepted request GET /digital-skill-wallet/us-central1/api/employer/schools --> us-central1-api
[debug] [2025-05-13T08:17:56.637Z] [functions] Runtime ready! Sending request! {"metadata":{"emulator":{"name":"functions"},"message":"[functions] Runtime ready! Sending request!"}}
[debug] [2025-05-13T08:17:56.638Z] [functions] Got req.url=/digital-skill-wallet/us-central1/api/employer/schools, mapping to path=/employer/schools {"metadata":{"emulator":{"name":"functions"},"message":"[functions] Got req.url=/digital-skill-wallet/us-central1/api/employer/schools, mapping to path=/employer/schools"}}
[info] i  functions: Loaded environment variables from .env. 
[debug] [2025-05-13T08:17:56.683Z] [worker-pool] addWorker(us-central1-api) {"metadata":{"emulator":{"name":"functions"},"message":"[worker-pool] addWorker(us-central1-api)"}}
[debug] [2025-05-13T08:17:56.684Z] [worker-pool] Adding worker with key us-central1-api, total=1 {"metadata":{"emulator":{"name":"functions"},"message":"[worker-pool] Adding worker with key us-central1-api, total=1"}}
[debug] [2025-05-13T08:17:57.940Z] [runtime-status] [1636] Resolved module firebase-admin {"declared":true,"installed":true,"version":"13.3.0","resolution":"D:\\Program X64\\GitHub REPO Clone\\711\\functions\\node_modules\\firebase-admin\\lib\\index.js"} {"metadata":{"emulator":{"name":"functions"},"function":{"name":"us-central1-api"},"extension":{},"message":"[runtime-status] [1636] Resolved module firebase-admin {\"declared\":true,\"installed\":true,\"version\":\"13.3.0\",\"resolution\":\"D:\\\\Program X64\\\\GitHub REPO Clone\\\\711\\\\functions\\\\node_modules\\\\firebase-admin\\\\lib\\\\index.js\"}"}}
[debug] [2025-05-13T08:17:57.941Z] [runtime-status] [1636] Resolved module firebase-functions {"declared":true,"installed":true,"version":"6.3.2","resolution":"D:\\Program X64\\GitHub REPO Clone\\711\\functions\\node_modules\\firebase-functions\\lib\\v2\\index.js"} {"metadata":{"emulator":{"name":"functions"},"function":{"name":"us-central1-api"},"extension":{},"message":"[runtime-status] [1636] Resolved module firebase-functions {\"declared\":true,\"installed\":true,\"version\":\"6.3.2\",\"resolution\":\"D:\\\\Program X64\\\\GitHub REPO Clone\\\\711\\\\functions\\\\node_modules\\\\firebase-functions\\\\lib\\\\v2\\\\index.js\"}"}}
[debug] [2025-05-13T08:17:57.941Z] [runtime-status] [1636] Outgoing network have been stubbed. [{"name":"http","status":"mocked"},{"name":"http","status":"mocked"},{"name":"https","status":"mocked"},{"name":"https","status":"mocked"},{"name":"net","status":"mocked"}] {"metadata":{"emulator":{"name":"functions"},"function":{"name":"us-central1-api"},"extension":{},"message":"[runtime-status] [1636] Outgoing network have been stubbed. [{\"name\":\"http\",\"status\":\"mocked\"},{\"name\":\"http\",\"status\":\"mocked\"},{\"name\":\"https\",\"status\":\"mocked\"},{\"name\":\"https\",\"status\":\"mocked\"},{\"name\":\"net\",\"status\":\"mocked\"}]"}}
[debug] [2025-05-13T08:17:57.942Z] [runtime-status] [1636] Resolved module firebase-functions {"declared":true,"installed":true,"version":"6.3.2","resolution":"D:\\Program X64\\GitHub REPO Clone\\711\\functions\\node_modules\\firebase-functions\\lib\\v2\\index.js"} {"metadata":{"emulator":{"name":"functions"},"function":{"name":"us-central1-api"},"extension":{},"message":"[runtime-status] [1636] Resolved module firebase-functions {\"declared\":true,\"installed\":true,\"version\":\"6.3.2\",\"resolution\":\"D:\\\\Program X64\\\\GitHub REPO Clone\\\\711\\\\functions\\\\node_modules\\\\firebase-functions\\\\lib\\\\v2\\\\index.js\"}"}}
[debug] [2025-05-13T08:17:58.406Z] [runtime-status] [1636] Checked functions.config() {"config":{}} {"metadata":{"emulator":{"name":"functions"},"function":{"name":"us-central1-api"},"extension":{},"message":"[runtime-status] [1636] Checked functions.config() {\"config\":{}}"}}
[debug] [2025-05-13T08:17:58.406Z] [runtime-status] [1636] firebase-functions has been stubbed. {"functionsResolution":{"declared":true,"installed":true,"version":"6.3.2","resolution":"D:\\Program X64\\GitHub REPO Clone\\711\\functions\\node_modules\\firebase-functions\\lib\\v2\\index.js"}} {"metadata":{"emulator":{"name":"functions"},"function":{"name":"us-central1-api"},"extension":{},"message":"[runtime-status] [1636] firebase-functions has been stubbed. {\"functionsResolution\":{\"declared\":true,\"installed\":true,\"version\":\"6.3.2\",\"resolution\":\"D:\\\\Program X64\\\\GitHub REPO Clone\\\\711\\\\functions\\\\node_modules\\\\firebase-functions\\\\lib\\\\v2\\\\index.js\"}}"}}
[debug] [2025-05-13T08:17:58.406Z] [runtime-status] [1636] Resolved module firebase-functions {"declared":true,"installed":true,"version":"6.3.2","resolution":"D:\\Program X64\\GitHub REPO Clone\\711\\functions\\node_modules\\firebase-functions\\lib\\v2\\index.js"} {"metadata":{"emulator":{"name":"functions"},"function":{"name":"us-central1-api"},"extension":{},"message":"[runtime-status] [1636] Resolved module firebase-functions {\"declared\":true,\"installed\":true,\"version\":\"6.3.2\",\"resolution\":\"D:\\\\Program X64\\\\GitHub REPO Clone\\\\711\\\\functions\\\\node_modules\\\\firebase-functions\\\\lib\\\\v2\\\\index.js\"}"}}
[debug] [2025-05-13T08:17:58.414Z] [runtime-status] [1636] Resolved module firebase-admin {"declared":true,"installed":true,"version":"13.3.0","resolution":"D:\\Program X64\\GitHub REPO Clone\\711\\functions\\node_modules\\firebase-admin\\lib\\index.js"} {"metadata":{"emulator":{"name":"functions"},"function":{"name":"us-central1-api"},"extension":{},"message":"[runtime-status] [1636] Resolved module firebase-admin {\"declared\":true,\"installed\":true,\"version\":\"13.3.0\",\"resolution\":\"D:\\\\Program X64\\\\GitHub REPO Clone\\\\711\\\\functions\\\\node_modules\\\\firebase-admin\\\\lib\\\\index.js\"}"}}
[debug] [2025-05-13T08:17:58.417Z] [runtime-status] [1636] Resolved module firebase-functions {"declared":true,"installed":true,"version":"6.3.2","resolution":"D:\\Program X64\\GitHub REPO Clone\\711\\functions\\node_modules\\firebase-functions\\lib\\v2\\index.js"} {"metadata":{"emulator":{"name":"functions"},"function":{"name":"us-central1-api"},"extension":{},"message":"[runtime-status] [1636] Resolved module firebase-functions {\"declared\":true,\"installed\":true,\"version\":\"6.3.2\",\"resolution\":\"D:\\\\Program X64\\\\GitHub REPO Clone\\\\711\\\\functions\\\\node_modules\\\\firebase-functions\\\\lib\\\\v2\\\\index.js\"}"}}
[debug] [2025-05-13T08:17:58.417Z] [runtime-status] [1636] firebase-admin has been stubbed. {"adminResolution":{"declared":true,"installed":true,"version":"13.3.0","resolution":"D:\\Program X64\\GitHub REPO Clone\\711\\functions\\node_modules\\firebase-admin\\lib\\index.js"}} {"metadata":{"emulator":{"name":"functions"},"function":{"name":"us-central1-api"},"extension":{},"message":"[runtime-status] [1636] firebase-admin has been stubbed. {\"adminResolution\":{\"declared\":true,\"installed\":true,\"version\":\"13.3.0\",\"resolution\":\"D:\\\\Program X64\\\\GitHub REPO Clone\\\\711\\\\functions\\\\node_modules\\\\firebase-admin\\\\lib\\\\index.js\"}}"}}
[debug] [2025-05-13T08:17:59.226Z] [runtime-status] [1636] Functions runtime initialized. {"cwd":"D:\\Program X64\\GitHub REPO Clone\\711\\functions","node_version":"20.14.0"} {"metadata":{"emulator":{"name":"functions"},"function":{"name":"us-central1-api"},"extension":{},"message":"[runtime-status] [1636] Functions runtime initialized. {\"cwd\":\"D:\\\\Program X64\\\\GitHub REPO Clone\\\\711\\\\functions\",\"node_version\":\"20.14.0\"}"}}
[debug] [2025-05-13T08:17:59.227Z] [runtime-status] [1636] Listening to port: \\?\pipe\fire_emu_ee1617b263f7c714 {"metadata":{"emulator":{"name":"functions"},"function":{"name":"us-central1-api"},"extension":{},"message":"[runtime-status] [1636] Listening to port: \\\\?\\pipe\\fire_emu_ee1617b263f7c714"}}
[debug] [2025-05-13T08:17:59.266Z] [worker-us-central1-api-e6841617-fc44-4526-bb7b-242c741d59f9]: IDLE {"metadata":{"emulator":{"name":"functions"},"function":{"name":"us-central1-api"},"extension":{},"message":"[worker-us-central1-api-e6841617-fc44-4526-bb7b-242c741d59f9]: IDLE"}}
[debug] [2025-05-13T08:17:59.267Z] [worker-pool] submitRequest(triggerId=us-central1-api) {"metadata":{"emulator":{"name":"functions"},"message":"[worker-pool] submitRequest(triggerId=us-central1-api)"}}
[info] i  functions: Beginning execution of "us-central1-api" {"metadata":{"emulator":{"name":"functions"},"function":{"name":"us-central1-api"},"extension":{},"message":"Beginning execution of \"us-central1-api\""}}
[debug] [2025-05-13T08:17:59.267Z] [worker-us-central1-api-e6841617-fc44-4526-bb7b-242c741d59f9]: BUSY {"metadata":{"emulator":{"name":"functions"},"function":{"name":"us-central1-api"},"extension":{},"message":"[worker-us-central1-api-e6841617-fc44-4526-bb7b-242c741d59f9]: BUSY"}}
[warn] !  Google API requested!
   - URL: "https://oauth2.googleapis.com/token"
   - Be careful, this may be a production service. {"metadata":{"emulator":{"name":"functions"},"function":{"name":"us-central1-api"},"extension":{},"message":"Google API requested!\n   - URL: \"https://oauth2.googleapis.com/token\"\n   - Be careful, this may be a production service."}}
[debug] [2025-05-13T08:18:00.406Z] Finishing up request with event=pause {"metadata":{"emulator":{"name":"functions"},"function":{"name":"us-central1-api"},"extension":{},"message":"Finishing up request with event=pause"}}
[info] i  functions: Finished "us-central1-api" in 1138.7209ms {"metadata":{"emulator":{"name":"functions"},"function":{"name":"us-central1-api"},"extension":{},"message":"Finished \"us-central1-api\" in 1138.7209ms"}}
[debug] [2025-05-13T08:18:00.406Z] [worker-us-central1-api-e6841617-fc44-4526-bb7b-242c741d59f9]: IDLE {"metadata":{"emulator":{"name":"functions"},"function":{"name":"us-central1-api"},"extension":{},"message":"[worker-us-central1-api-e6841617-fc44-4526-bb7b-242c741d59f9]: IDLE"}}
[debug] [2025-05-13T08:18:00.406Z] Finishing up request with event=finish {"metadata":{"emulator":{"name":"functions"},"function":{"name":"us-central1-api"},"extension":{},"message":"Finishing up request with event=finish"}}
[debug] [2025-05-13T08:18:00.407Z] Finishing up request with event=close {"metadata":{"emulator":{"name":"functions"},"function":{"name":"us-central1-api"},"extension":{},"message":"Finishing up request with event=close"}}
[debug] [2025-05-13T08:18:00.407Z] [work-queue] {"queuedWork":[],"queueLength":0,"runningWork":[],"workRunningCount":0}
[debug] [2025-05-13T08:18:00.407Z] [work-queue] {"queuedWork":["/digital-skill-wallet/us-central1/api/employer/schools-2025-05-13T08:18:00.407Z"],"queueLength":1,"runningWork":[],"workRunningCount":0}
[debug] [2025-05-13T08:18:00.407Z] [work-queue] {"queuedWork":[],"queueLength":0,"runningWork":["/digital-skill-wallet/us-central1/api/employer/schools-2025-05-13T08:18:00.407Z"],"workRunningCount":1}
[debug] [2025-05-13T08:18:00.407Z] Accepted request GET /digital-skill-wallet/us-central1/api/employer/schools --> us-central1-api
[debug] [2025-05-13T08:18:00.408Z] [functions] Runtime ready! Sending request! {"metadata":{"emulator":{"name":"functions"},"message":"[functions] Runtime ready! Sending request!"}}
[debug] [2025-05-13T08:18:00.408Z] [functions] Got req.url=/digital-skill-wallet/us-central1/api/employer/schools, mapping to path=/employer/schools {"metadata":{"emulator":{"name":"functions"},"message":"[functions] Got req.url=/digital-skill-wallet/us-central1/api/employer/schools, mapping to path=/employer/schools"}}
[debug] [2025-05-13T08:18:00.408Z] [worker-pool] submitRequest(triggerId=us-central1-api) {"metadata":{"emulator":{"name":"functions"},"message":"[worker-pool] submitRequest(triggerId=us-central1-api)"}}
[info] i  functions: Beginning execution of "us-central1-api" {"metadata":{"emulator":{"name":"functions"},"function":{"name":"us-central1-api"},"extension":{},"message":"Beginning execution of \"us-central1-api\""}}
[debug] [2025-05-13T08:18:00.408Z] [worker-us-central1-api-e6841617-fc44-4526-bb7b-242c741d59f9]: BUSY {"metadata":{"emulator":{"name":"functions"},"function":{"name":"us-central1-api"},"extension":{},"message":"[worker-us-central1-api-e6841617-fc44-4526-bb7b-242c741d59f9]: BUSY"}}
[debug] [2025-05-13T08:18:00.561Z] Finishing up request with event=pause {"metadata":{"emulator":{"name":"functions"},"function":{"name":"us-central1-api"},"extension":{},"message":"Finishing up request with event=pause"}}
[info] i  functions: Finished "us-central1-api" in 152.6086ms {"metadata":{"emulator":{"name":"functions"},"function":{"name":"us-central1-api"},"extension":{},"message":"Finished \"us-central1-api\" in 152.6086ms"}}
[debug] [2025-05-13T08:18:00.561Z] [worker-us-central1-api-e6841617-fc44-4526-bb7b-242c741d59f9]: IDLE {"metadata":{"emulator":{"name":"functions"},"function":{"name":"us-central1-api"},"extension":{},"message":"[worker-us-central1-api-e6841617-fc44-4526-bb7b-242c741d59f9]: IDLE"}}
[debug] [2025-05-13T08:18:00.561Z] Finishing up request with event=finish {"metadata":{"emulator":{"name":"functions"},"function":{"name":"us-central1-api"},"extension":{},"message":"Finishing up request with event=finish"}}
[debug] [2025-05-13T08:18:00.561Z] Finishing up request with event=close {"metadata":{"emulator":{"name":"functions"},"function":{"name":"us-central1-api"},"extension":{},"message":"Finishing up request with event=close"}}
[debug] [2025-05-13T08:18:00.561Z] [work-queue] {"queuedWork":[],"queueLength":0,"runningWork":[],"workRunningCount":0}
[debug] [2025-05-13T08:31:44.647Z] [work-queue] {"queuedWork":["/digital-skill-wallet/us-central1/api/employer/schools-2025-05-13T08:31:44.647Z"],"queueLength":1,"runningWork":[],"workRunningCount":0}
[debug] [2025-05-13T08:31:44.647Z] [work-queue] {"queuedWork":[],"queueLength":0,"runningWork":["/digital-skill-wallet/us-central1/api/employer/schools-2025-05-13T08:31:44.647Z"],"workRunningCount":1}
[debug] [2025-05-13T08:31:44.647Z] Accepted request GET /digital-skill-wallet/us-central1/api/employer/schools --> us-central1-api
[debug] [2025-05-13T08:31:44.648Z] [functions] Runtime ready! Sending request! {"metadata":{"emulator":{"name":"functions"},"message":"[functions] Runtime ready! Sending request!"}}
[debug] [2025-05-13T08:31:44.648Z] [functions] Got req.url=/digital-skill-wallet/us-central1/api/employer/schools, mapping to path=/employer/schools {"metadata":{"emulator":{"name":"functions"},"message":"[functions] Got req.url=/digital-skill-wallet/us-central1/api/employer/schools, mapping to path=/employer/schools"}}
[debug] [2025-05-13T08:31:44.648Z] [worker-pool] submitRequest(triggerId=us-central1-api) {"metadata":{"emulator":{"name":"functions"},"message":"[worker-pool] submitRequest(triggerId=us-central1-api)"}}
[info] i  functions: Beginning execution of "us-central1-api" {"metadata":{"emulator":{"name":"functions"},"function":{"name":"us-central1-api"},"extension":{},"message":"Beginning execution of \"us-central1-api\""}}
[debug] [2025-05-13T08:31:44.649Z] [worker-us-central1-api-e6841617-fc44-4526-bb7b-242c741d59f9]: BUSY {"metadata":{"emulator":{"name":"functions"},"function":{"name":"us-central1-api"},"extension":{},"message":"[worker-us-central1-api-e6841617-fc44-4526-bb7b-242c741d59f9]: BUSY"}}
[debug] [2025-05-13T08:31:45.009Z] Finishing up request with event=pause {"metadata":{"emulator":{"name":"functions"},"function":{"name":"us-central1-api"},"extension":{},"message":"Finishing up request with event=pause"}}
[info] i  functions: Finished "us-central1-api" in 359.739ms {"metadata":{"emulator":{"name":"functions"},"function":{"name":"us-central1-api"},"extension":{},"message":"Finished \"us-central1-api\" in 359.739ms"}}
[debug] [2025-05-13T08:31:45.009Z] [worker-us-central1-api-e6841617-fc44-4526-bb7b-242c741d59f9]: IDLE {"metadata":{"emulator":{"name":"functions"},"function":{"name":"us-central1-api"},"extension":{},"message":"[worker-us-central1-api-e6841617-fc44-4526-bb7b-242c741d59f9]: IDLE"}}
[debug] [2025-05-13T08:31:45.009Z] Finishing up request with event=finish {"metadata":{"emulator":{"name":"functions"},"function":{"name":"us-central1-api"},"extension":{},"message":"Finishing up request with event=finish"}}
[debug] [2025-05-13T08:31:45.009Z] Finishing up request with event=close {"metadata":{"emulator":{"name":"functions"},"function":{"name":"us-central1-api"},"extension":{},"message":"Finishing up request with event=close"}}
[debug] [2025-05-13T08:31:45.009Z] [work-queue] {"queuedWork":[],"queueLength":0,"runningWork":[],"workRunningCount":0}
[debug] [2025-05-13T08:31:45.010Z] [work-queue] {"queuedWork":["/digital-skill-wallet/us-central1/api/employer/schools-2025-05-13T08:31:45.010Z"],"queueLength":1,"runningWork":[],"workRunningCount":0}
[debug] [2025-05-13T08:31:45.010Z] [work-queue] {"queuedWork":[],"queueLength":0,"runningWork":["/digital-skill-wallet/us-central1/api/employer/schools-2025-05-13T08:31:45.010Z"],"workRunningCount":1}
[debug] [2025-05-13T08:31:45.010Z] Accepted request GET /digital-skill-wallet/us-central1/api/employer/schools --> us-central1-api
[debug] [2025-05-13T08:31:45.010Z] [functions] Runtime ready! Sending request! {"metadata":{"emulator":{"name":"functions"},"message":"[functions] Runtime ready! Sending request!"}}
[debug] [2025-05-13T08:31:45.010Z] [functions] Got req.url=/digital-skill-wallet/us-central1/api/employer/schools, mapping to path=/employer/schools {"metadata":{"emulator":{"name":"functions"},"message":"[functions] Got req.url=/digital-skill-wallet/us-central1/api/employer/schools, mapping to path=/employer/schools"}}
[debug] [2025-05-13T08:31:45.010Z] [worker-pool] submitRequest(triggerId=us-central1-api) {"metadata":{"emulator":{"name":"functions"},"message":"[worker-pool] submitRequest(triggerId=us-central1-api)"}}
[info] i  functions: Beginning execution of "us-central1-api" {"metadata":{"emulator":{"name":"functions"},"function":{"name":"us-central1-api"},"extension":{},"message":"Beginning execution of \"us-central1-api\""}}
[debug] [2025-05-13T08:31:45.011Z] [worker-us-central1-api-e6841617-fc44-4526-bb7b-242c741d59f9]: BUSY {"metadata":{"emulator":{"name":"functions"},"function":{"name":"us-central1-api"},"extension":{},"message":"[worker-us-central1-api-e6841617-fc44-4526-bb7b-242c741d59f9]: BUSY"}}
[debug] [2025-05-13T08:31:45.214Z] Finishing up request with event=pause {"metadata":{"emulator":{"name":"functions"},"function":{"name":"us-central1-api"},"extension":{},"message":"Finishing up request with event=pause"}}
[info] i  functions: Finished "us-central1-api" in 202.9909ms {"metadata":{"emulator":{"name":"functions"},"function":{"name":"us-central1-api"},"extension":{},"message":"Finished \"us-central1-api\" in 202.9909ms"}}
[debug] [2025-05-13T08:31:45.214Z] [worker-us-central1-api-e6841617-fc44-4526-bb7b-242c741d59f9]: IDLE {"metadata":{"emulator":{"name":"functions"},"function":{"name":"us-central1-api"},"extension":{},"message":"[worker-us-central1-api-e6841617-fc44-4526-bb7b-242c741d59f9]: IDLE"}}
[debug] [2025-05-13T08:31:45.215Z] Finishing up request with event=finish {"metadata":{"emulator":{"name":"functions"},"function":{"name":"us-central1-api"},"extension":{},"message":"Finishing up request with event=finish"}}
[debug] [2025-05-13T08:31:45.215Z] Finishing up request with event=close {"metadata":{"emulator":{"name":"functions"},"function":{"name":"us-central1-api"},"extension":{},"message":"Finishing up request with event=close"}}
[debug] [2025-05-13T08:31:45.215Z] [work-queue] {"queuedWork":[],"queueLength":0,"runningWork":[],"workRunningCount":0}
